Complete fix started at Wed Sep 17 21:50:31 EDT 2025
✓ Fixed: .eslintrc.semantic-tokens.js
✓ Fixed: .eslintrc.spacing.js
✓ Fixed: supabase/functions/validate-record/index.ts
✓ Fixed: supabase/functions/create-demo-users/index.ts
✓ Fixed: supabase/functions/seed-demo/index.ts
✓ Fixed: supabase/functions/import-export/index.ts
✓ Fixed: public/sw.js
✓ Fixed: scripts/design-token-migration.js
✓ Fixed: scripts/final-validation.js
✓ Fixed: packages/ui/.storybook/main.ts
✓ Fixed: packages/ui/.storybook/preview.ts
✓ Fixed: packages/ui/.eslintrc.js
✓ Fixed: packages/ui/src/molecules/index.ts
✓ Fixed: packages/ui/src/atoms/CardTitle.tsx
✓ Fixed: packages/ui/src/atoms/Label.tsx
✓ Fixed: packages/ui/src/atoms/CardFooter.tsx
✓ Fixed: packages/ui/src/atoms/Badge.tsx
✓ Fixed: packages/ui/src/atoms/index.ts
✓ Fixed: packages/ui/src/atoms/Button.tsx
✓ Fixed: packages/ui/src/atoms/CardDescription.tsx
✓ Fixed: packages/ui/src/atoms/Textarea.tsx
✓ Fixed: packages/ui/src/atoms/Input.tsx
✓ Fixed: packages/ui/src/types/view-type.ts
✓ Fixed: packages/ui/src/providers/AdaptiveThemeProvider.tsx
✓ Fixed: packages/ui/src/utils.ts
✓ Fixed: packages/ui/src/utils/form-validation.ts
✓ Fixed: packages/ui/src/utils/cn.ts
✓ Fixed: packages/ui/src/utils/bundle-optimization.ts
✓ Fixed: packages/ui/src/utils/supabase-helpers.ts
✓ Fixed: packages/ui/src/system/WorkflowSystem.tsx
✓ Fixed: packages/ui/src/system/ComponentSystem.tsx
✓ Fixed: packages/ui/src/system/DatabaseIntegrationValidator.tsx
✓ Fixed: packages/ui/src/system/CacheManager.tsx
✓ Fixed: packages/ui/src/system/EnhancementSystem.tsx
✓ Fixed: packages/ui/src/system/UIStateValidator.tsx
✓ Fixed: packages/ui/src/system/LayoutSystem.tsx
✓ Fixed: packages/ui/src/system/DesignSystem.tsx
✓ Fixed: packages/ui/src/system/ContainerSystem.tsx
✓ Fixed: packages/ui/src/system/CompositePatterns.tsx
✓ Fixed: packages/ui/src/system/GridSystem.tsx
✓ Fixed: packages/ui/src/system/PerformanceMonitor.tsx
✓ Fixed: packages/ui/src/system/GlobalUIOptimization.tsx
✓ Fixed: packages/ui/src/system/index.ts
✓ Fixed: packages/ui/src/components/Sidebar/SidebarNavigation.tsx
✓ Fixed: packages/ui/src/components/Sidebar/SidebarBreadcrumbs.tsx
✓ Fixed: packages/ui/src/components/Sidebar/SidebarPersonalization.tsx
✓ Fixed: packages/ui/src/components/Sidebar/SidebarAccessibility.tsx
✓ Fixed: packages/ui/src/components/Sidebar/SidebarAnimations.tsx
✓ Fixed: packages/ui/src/components/Sidebar/SidebarProvider.tsx
✓ Fixed: packages/ui/src/components/Sidebar/SidebarExample.tsx
✓ Fixed: packages/ui/src/components/Sidebar/index.ts
✓ Fixed: packages/ui/src/components/micro-interactions/MicroInteractions.tsx
✓ Fixed: packages/ui/src/components/3d/Spatial3D.tsx
✓ Fixed: packages/ui/src/components/3d/Card3D.tsx
✓ Fixed: packages/ui/src/components/Pagination.tsx
✓ Fixed: packages/ui/src/components/Tabs.tsx
✓ Fixed: packages/ui/src/components/Button.stories.tsx
✓ Fixed: packages/ui/src/components/Card.tsx
✓ Fixed: packages/ui/src/components/Loader.tsx
✓ Fixed: packages/ui/src/components/Progress.tsx
✓ Fixed: packages/ui/src/components/EnhancedForm.tsx
✓ Fixed: packages/ui/src/components/Icon.tsx
✓ Fixed: packages/ui/src/components/DepartmentBadge.tsx
✓ Fixed: packages/ui/src/components/ExportButton.tsx
✓ Fixed: packages/ui/src/components/EnhancedUniversalDrawer.tsx
✓ Fixed: packages/ui/src/components/CreateProjectClientProps.ts
✓ Fixed: packages/ui/src/components/FlowValidator.tsx
✓ Fixed: packages/ui/src/components/ListWithKeys.tsx
✓ Fixed: packages/ui/src/components/Breadcrumbs.tsx
✓ Fixed: packages/ui/src/components/Navigation/NavigationCache.tsx
✓ Fixed: packages/ui/src/components/Navigation/NavigationVariants.tsx
✓ Fixed: packages/ui/src/components/Navigation/NavigationAI.tsx
✓ Fixed: packages/ui/src/components/Navigation/NavigationMetrics.tsx
✓ Fixed: packages/ui/src/components/Navigation/NavigationAccessibility.tsx
✓ Fixed: packages/ui/src/components/Navigation/index.ts
✓ Fixed: packages/ui/src/components/Navigation/NavigationLazyLoader.tsx
✓ Fixed: packages/ui/src/components/Navigation/EnhancedNavigation.tsx
✓ Fixed: packages/ui/src/components/Drawer.tsx
✓ Fixed: packages/ui/src/components/motion/MotionLayout.tsx
✓ Fixed: packages/ui/src/components/Tooltip.tsx
✓ Fixed: packages/ui/src/components/Alert.tsx
✓ Fixed: packages/ui/src/components/Heading.tsx
✓ Fixed: packages/ui/src/components/DataViews/DatabaseOptimizer.tsx
✓ Fixed: packages/ui/src/components/DataViews/ViewSwitcher.tsx
✓ Fixed: packages/ui/src/components/DataViews/SchemaIntegratedDataGrid.tsx
✓ Fixed: packages/ui/src/components/DataViews/DynamicFieldManager.tsx
✓ Fixed: packages/ui/src/components/DataViews/DataActions.tsx
✓ Fixed: packages/ui/src/components/DataViews/CRUDOperationsFramework.tsx
✓ Fixed: packages/ui/src/components/DataViews/VirtualizedGrid.tsx
✓ Fixed: packages/ui/src/components/DataViews/VirtualizedList.tsx
✓ Fixed: packages/ui/src/components/DataViews/CalendarView.tsx
✓ Fixed: packages/ui/src/components/DataViews/providers/SupabaseDataProvider.tsx
✓ Fixed: packages/ui/src/components/DataViews/KanbanBoard.tsx
✓ Fixed: packages/ui/src/components/DataViews/WhiteboardView.tsx
✓ Fixed: packages/ui/src/components/DataViews/PerformanceMonitoringSystem.tsx
✓ Fixed: packages/ui/src/components/DataViews/StateManager.tsx
✓ Fixed: packages/ui/src/components/DataViews/FormView.tsx
✓ Fixed: packages/ui/src/components/DataViews/PivotTableView.tsx
✓ Fixed: packages/ui/src/components/DataViews/types.ts
✓ Fixed: packages/ui/src/components/DataViews/MapView.tsx
✓ Fixed: packages/ui/src/components/DataViews/DashboardView.tsx
✓ Fixed: packages/ui/src/components/DataViews/TimelineView.tsx
✓ Fixed: packages/ui/src/components/DataViews/DatabaseTransactionManager.tsx
✓ Fixed: packages/ui/src/components/DataViews/DataViewProvider.tsx
✓ Fixed: packages/ui/src/components/DataViews/DataGrid.tsx
✓ Fixed: packages/ui/src/components/DataViews/DesignTokenValidator.tsx
✓ Fixed: packages/ui/src/components/DataViews/index.ts
✓ Fixed: packages/ui/src/components/DataViews/GalleryView.tsx
✓ Fixed: packages/ui/src/components/DataViews/PerformanceOptimizer.tsx
✓ Fixed: packages/ui/src/components/DataViews/ListView.tsx
✓ Fixed: packages/ui/src/components/DataViews/SchemaValidationFramework.ts
✓ Fixed: packages/ui/src/components/DataViews/UniversalDrawer.tsx
✓ Fixed: packages/ui/src/components/DataViews/AdvancedSearchSystem.tsx
✓ Fixed: packages/ui/src/components/architecture/DesignSystem.tsx
✓ Fixed: packages/ui/src/components/architecture/index.ts
✓ Fixed: packages/ui/src/components/architecture/ComponentPatterns.tsx
✓ Fixed: packages/ui/src/components/architecture/ComponentBase.tsx
✓ Fixed: packages/ui/src/components/SubwaySystem.tsx
✓ Fixed: packages/ui/src/components/voice/VoiceSearch.tsx
✓ Fixed: packages/ui/src/components/voice/VoiceInterface.tsx
✓ Fixed: packages/ui/src/components/Dropdown.tsx
✓ Fixed: packages/ui/src/components/Avatar.tsx
✓ Fixed: packages/ui/src/components/ai/PersonalizationEngine.tsx
✓ Fixed: packages/ui/src/components/ai/PredictiveUI.tsx
✓ Fixed: packages/ui/src/components/SuspenseWrapper.tsx
✓ Fixed: packages/ui/src/components/SearchFilter.tsx
✓ Fixed: packages/ui/src/components/lazy/LazyComponentLoader.tsx
✓ Fixed: packages/ui/src/components/lazy/RouteBasedSplitting.tsx
✓ Fixed: packages/ui/src/components/lazy/index.ts
✓ Fixed: packages/ui/src/components/Dialog.tsx
✓ Fixed: packages/ui/src/components/AnimationOptimizer.tsx
✓ Fixed: packages/ui/src/components/Badge.tsx
✓ Fixed: packages/ui/src/components/Sidebar.tsx
✓ Fixed: packages/ui/src/components/Table.tsx
✓ Fixed: packages/ui/src/components/index.ts
✓ Fixed: packages/ui/src/components/WorkflowOptimizer.tsx
✓ Fixed: packages/ui/src/components/Select/index.ts
✓ Fixed: packages/ui/src/components/Select/Select.tsx
✓ Fixed: packages/ui/src/components/ProgressiveDisclosure.tsx
✓ Fixed: packages/ui/src/components/monitoring/AlertingSystem.tsx
✓ Fixed: packages/ui/src/components/monitoring/DatabaseMonitoringDashboard.tsx
✓ Fixed: packages/ui/src/components/monitoring/PerformanceMetricsChart.tsx
✓ Fixed: packages/ui/src/components/monitoring/index.ts
✓ Fixed: packages/ui/src/components/Button.tsx
✓ Fixed: packages/ui/src/components/Toggle.tsx
✓ Fixed: packages/ui/src/components/Modal.tsx
✓ Fixed: packages/ui/src/components/Toast.tsx
✓ Fixed: packages/ui/src/components/accessibility/AIAccessibility.tsx
✓ Fixed: packages/ui/src/components/Navigation.tsx
✓ Fixed: packages/ui/src/components/Checkbox.tsx
✓ Fixed: packages/ui/src/components/EmptyState.tsx
✓ Fixed: packages/ui/src/components/Textarea.tsx
✓ Fixed: packages/ui/src/components/Input.tsx
✓ Fixed: packages/ui/src/components/SidebarLandmarks.tsx
✓ Fixed: packages/ui/src/components/Skeleton.tsx
✓ Fixed: packages/ui/src/components/AccessibilityProvider.tsx
✓ Fixed: packages/ui/src/components/Form.tsx
✓ Fixed: packages/ui/src/layouts/LayoutSystem.tsx
✓ Fixed: packages/ui/src/layouts/index.ts
✓ Fixed: packages/ui/src/layouts/design-system.ts
✓ Fixed: packages/ui/src/theme/ThemeScope.tsx
✓ Fixed: packages/ui/src/UnifiedDesignSystem.tsx
✓ Fixed: packages/ui/src/lib/index.ts
✓ Fixed: packages/ui/src/index.ts
✓ Fixed: packages/ui/src/tokens/navigation.ts
✓ Fixed: packages/config/tailwind-preset.ts
✓ Fixed: packages/config/tailwind-preset.js
✓ Fixed: packages/config/src/lib/validation.ts
✓ Fixed: packages/config/src/lib/defaults.ts
✓ Fixed: packages/config/src/lib/settings.ts
✓ Fixed: packages/config/src/lib/environment.ts
✓ Fixed: packages/config/src/lib/features.ts
✓ Fixed: packages/config/src/lib/overrides.ts
✓ Fixed: packages/config/src/lib/constants.ts
✓ Fixed: packages/config/src/lib/index.ts
✓ Fixed: packages/config/src/lib/config.ts
✓ Fixed: packages/config/src/index.ts
✓ Fixed: packages/auth/server.ts
✓ Fixed: packages/auth/src/types.ts
✓ Fixed: packages/auth/src/lib/session.ts
✓ Fixed: packages/auth/src/lib/auth.ts
✓ Fixed: packages/auth/src/index.ts
✓ Fixed: packages/auth/src/supabase.ts
✓ Fixed: packages/utils/src/lib/validation.ts
✓ Fixed: packages/utils/src/lib/strings.ts
✓ Fixed: packages/utils/src/lib/objects.ts
✓ Fixed: packages/utils/src/lib/dates.ts
✓ Fixed: packages/utils/src/lib/utils.ts
✓ Fixed: packages/utils/src/lib/numbers.ts
✓ Fixed: packages/utils/src/lib/index.ts
✓ Fixed: packages/utils/src/lib/arrays.ts
✓ Fixed: packages/utils/src/lib/functions.ts
✓ Fixed: packages/utils/src/index.ts
✓ Fixed: packages/utils/src/intl.ts
✓ Fixed: packages/icons/src/lib/lucide.ts
✓ Fixed: packages/icons/src/lib/categories.ts
✓ Fixed: packages/icons/src/lib/flags.ts
✓ Fixed: packages/icons/src/lib/icons.ts
✓ Fixed: packages/icons/src/lib/index.ts
✓ Fixed: packages/icons/src/lib/branded.ts
✓ Fixed: packages/icons/src/lib/custom.ts
✓ Fixed: packages/icons/src/lib/animated.ts
✓ Fixed: packages/icons/src/lib/social.ts
✓ Fixed: packages/icons/src/index.ts
✓ Fixed: packages/data-view/src/lib/data-view.ts
✓ Fixed: packages/data-view/src/lib/gallery.ts
✓ Fixed: packages/data-view/src/lib/kanban.ts
✓ Fixed: packages/data-view/src/lib/dashboard.ts
✓ Fixed: packages/data-view/src/lib/calendar.ts
✓ Fixed: packages/data-view/src/lib/index.ts
✓ Fixed: packages/data-view/src/lib/dataView.ts
✓ Fixed: packages/data-view/src/lib/list.ts
✓ Fixed: packages/data-view/src/lib/timeline.ts
✓ Fixed: packages/data-view/src/lib/grid.ts
✓ Fixed: packages/data-view/src/index.ts
✓ Fixed: packages/data-view/src/grid/Grid.tsx
✓ Fixed: packages/application/src/types/strict-types.ts
✓ Fixed: packages/application/src/types/api-errors.ts
✓ Fixed: packages/application/src/types/database.ts
✓ Fixed: packages/application/src/core/transaction-manager.ts
✓ Fixed: packages/application/src/core/audit-logger.ts
✓ Fixed: packages/application/src/core/r-b-a-c.ts
✓ Fixed: packages/application/src/utils/api-logger.ts
✓ Fixed: packages/application/src/utils/error-handler.ts
✓ Fixed: packages/application/src/utils/type-guards.ts
✓ Fixed: packages/application/src/utils/api-examples.ts
✓ Fixed: packages/application/src/utils/api-middleware.ts
✓ Fixed: packages/application/src/utils/validation-middleware.ts
✓ Fixed: packages/application/src/utils/index.ts
✓ Fixed: packages/application/src/utils/health-check.ts
✓ Fixed: packages/application/src/utils/api-metrics.ts
✓ Fixed: packages/application/src/components/enterprise/UmonitoringUdashboard.tsx
✓ Fixed: packages/application/src/index.ts
✓ Fixed: packages/application/src/services/webhooks-service.ts
✓ Fixed: packages/application/src/services/projects-service.ts
✓ Fixed: packages/application/src/services/programs-service.ts
✓ Fixed: packages/application/src/services/analytics-service.ts
✓ Fixed: packages/application/src/services/notifications-service.ts
✓ Fixed: packages/application/src/services/vendors-service.ts
✓ Fixed: packages/application/src/services/catalog-items-service.ts
✓ Fixed: packages/application/src/services/companies-service.ts
✓ Fixed: packages/application/src/services/profile-service.ts
✓ Fixed: packages/application/src/services/people-service.ts
✓ Fixed: packages/application/src/services/user-service.ts
✓ Fixed: packages/application/src/services/listings-service.ts
✓ Fixed: packages/application/src/services/audit-service.ts
✓ Fixed: packages/application/src/services/base-service.ts
✓ Fixed: packages/application/src/services/procurement-service.ts
✓ Fixed: packages/application/src/services/reports-service.ts
✓ Fixed: packages/application/src/services/dashboard-service.ts
✓ Fixed: packages/application/src/services/api-keys-service.ts
✓ Fixed: packages/application/src/services/finance-service.ts
✓ Fixed: packages/application/src/services/scheduling-service.ts
✓ Fixed: packages/application/src/services/resources-service.ts
✓ Fixed: packages/application/src/services/jobs-service.ts
✓ Fixed: packages/application/src/services/settings-service.ts
✓ Fixed: packages/application/src/services/strict-base-service.ts
✓ Fixed: packages/application/src/services/notification-service.ts
✓ Fixed: packages/application/src/services/database-monitoring-service.ts
✓ Fixed: packages/application/src/services/programming-service.ts
✓ Fixed: packages/application/src/services/index.ts
✓ Fixed: packages/application/src/services/assets-service.ts
✓ Fixed: packages/application/src/services/organization-service.ts
✓ Fixed: packages/application/src/services/project-service.ts
✓ Fixed: packages/application/src/services/auth-service.ts
✓ Fixed: packages/application/src/services/file-service.ts
✓ Fixed: packages/application/src/services/pipeline-service.ts
✓ Fixed: packages/application/src/services/enhanced-analytics-service.ts
✓ Fixed: packages/infrastructure/src/repositories/supabase-invoices-repository.ts
✓ Fixed: packages/infrastructure/src/repositories/supabase-api-key-repository.ts
✓ Fixed: packages/infrastructure/src/repositories/supabase-asset-advancing-repository.ts
✓ Fixed: packages/infrastructure/src/repositories/supabase-jobs-repository.ts
✓ Fixed: packages/infrastructure/src/repositories/supabase-asset-maintenance-repository.ts
✓ Fixed: packages/infrastructure/src/repositories/supabase-asset-tracking-repository.ts
✓ Fixed: packages/infrastructure/src/repositories/supabase-companies-repository.ts
✓ Fixed: packages/infrastructure/src/repositories/in-memory-project-repository.ts
✓ Fixed: packages/infrastructure/src/repositories/supabase-webhook-repository.ts
✓ Fixed: packages/infrastructure/src/repositories/supabase-asset-assignment-repository.ts
✓ Fixed: packages/infrastructure/src/repositories/supabase-purchase-orders-repository.ts
✓ Fixed: packages/infrastructure/src/repositories/supabase-catalog-items-repository.ts
✓ Fixed: packages/infrastructure/src/repositories/supabase-asset-report-repository.ts
✓ Fixed: packages/infrastructure/src/repositories/supabase-pipeline-repository.ts
✓ Fixed: packages/infrastructure/src/repositories/supabase-listings-repository.ts
✓ Fixed: packages/infrastructure/src/repositories/supabase-project-repository.ts
✓ Fixed: packages/infrastructure/src/repositories/supabase-reports-repository.ts
✓ Fixed: packages/infrastructure/src/repositories/supabase-assets-repository.ts
✓ Fixed: packages/infrastructure/src/repositories/supabase-programs-repository.ts
✓ Fixed: packages/infrastructure/src/repositories/supabase-vendors-repository.ts
✓ Fixed: packages/infrastructure/src/wiring/composeSupabase.ts
✓ Fixed: packages/infrastructure/src/wiring/compose.ts
✓ Fixed: packages/infrastructure/src/adapters/in-memory-audit-logger.ts
✓ Fixed: packages/infrastructure/src/adapters/supabase-audit-logger.ts
✓ Fixed: packages/infrastructure/src/adapters/http-webhook-dispatcher.ts
✓ Fixed: packages/infrastructure/src/adapters/in-memory-event-bus.ts
✓ Fixed: packages/infrastructure/src/index.ts
✓ Fixed: packages/domain/src/tenant/tenant-context.ts
✓ Fixed: packages/domain/src/types/database.ts
✓ Fixed: packages/domain/src/core/Identifier.ts
✓ Fixed: packages/domain/src/core/audit-logger.ts
✓ Fixed: packages/domain/src/core/Result.ts
✓ Fixed: packages/domain/src/core/event-bus.ts
✓ Fixed: packages/domain/src/core/unique-entity-i-d.ts
✓ Fixed: packages/domain/src/security/index.ts
✓ Fixed: packages/domain/src/security/r-b-a-c.ts
✓ Fixed: packages/domain/src/workflows/reporting-workflow.ts
✓ Fixed: packages/domain/src/workflows/authorization-workflow.ts
✓ Fixed: packages/domain/src/workflows/import-workflow.ts
✓ Fixed: packages/domain/src/workflows/onboarding-workflow.ts
✓ Fixed: packages/domain/src/workflows/billing-workflow.ts
✓ Fixed: packages/domain/src/workflows/authentication-workflow.ts
✓ Fixed: packages/domain/src/workflows/approval-workflow.ts
✓ Fixed: packages/domain/src/workflows/export-workflow.ts
✓ Fixed: packages/domain/src/workflows/index.ts
✓ Fixed: packages/domain/src/workflows/notification-workflow.ts
✓ Fixed: packages/domain/src/workflows/scheduling-workflow.ts
✓ Fixed: packages/domain/src/repositories/index.ts
✓ Fixed: packages/domain/src/repositories/base-repository.ts
✓ Fixed: packages/domain/src/dashboard/entities.ts
✓ Fixed: packages/domain/src/dashboard/repositories.ts
✓ Fixed: packages/domain/src/audit/audit-log.ts
✓ Fixed: packages/domain/src/audit/index.ts
✓ Fixed: packages/domain/src/index.ts
✓ Fixed: packages/domain/src/events/domain-event.ts
✓ Fixed: packages/domain/src/events/event-bus.ts
✓ Fixed: packages/domain/src/Finance.ts
✓ Fixed: packages/domain/src/modules/settings/Setting.ts
✓ Fixed: packages/domain/src/modules/settings/index.ts
✓ Fixed: packages/domain/src/modules/pipeline/Training.ts
✓ Fixed: packages/domain/src/modules/pipeline/Manning.ts
✓ Fixed: packages/domain/src/modules/pipeline/Advancing.ts
✓ Fixed: packages/domain/src/modules/pipeline/Pipeline.ts
✓ Fixed: packages/domain/src/modules/pipeline/Contracting.ts
✓ Fixed: packages/domain/src/modules/pipeline/Onboarding.ts
✓ Fixed: packages/domain/src/modules/projects/Project.ts
✓ Fixed: packages/domain/src/modules/projects/project-repository.ts
✓ Fixed: packages/domain/src/modules/projects/index.ts
✓ Fixed: packages/domain/src/modules/resources/Resource.ts
✓ Fixed: packages/domain/src/modules/resources/index.ts
✓ Fixed: packages/domain/src/modules/marketplace/catalog-item.ts
✓ Fixed: packages/domain/src/modules/marketplace/Listing.ts
✓ Fixed: packages/domain/src/modules/marketplace/Vendor.ts
✓ Fixed: packages/domain/src/modules/api-keys/api-key-repository.ts
✓ Fixed: packages/domain/src/modules/api-keys/api-key.ts
✓ Fixed: packages/domain/src/modules/profile/profile-repository.ts
✓ Fixed: packages/domain/src/modules/profile/Profile.ts
✓ Fixed: packages/domain/src/modules/programming/programming-repository.ts
✓ Fixed: packages/domain/src/modules/programming/Program.ts
✓ Fixed: packages/domain/src/modules/programming/Event.ts
✓ Fixed: packages/domain/src/modules/procurement/procurement-workflow.ts
✓ Fixed: packages/domain/src/modules/procurement/purchase-order.ts
✓ Fixed: packages/domain/src/modules/procurement/Product.ts
✓ Fixed: packages/domain/src/modules/procurement/procurement-integration.ts
✓ Fixed: packages/domain/src/modules/procurement/Service.ts
✓ Fixed: packages/domain/src/modules/people/Competency.ts
✓ Fixed: packages/domain/src/modules/people/Endorsement.ts
✓ Fixed: packages/domain/src/modules/people/Shortlist.ts
✓ Fixed: packages/domain/src/modules/people/Network.ts
✓ Fixed: packages/domain/src/modules/people/Role.ts
✓ Fixed: packages/domain/src/modules/people/Person.ts
✓ Fixed: packages/domain/src/modules/finance/Invoice.ts
✓ Fixed: packages/domain/src/modules/finance/Account.ts
✓ Fixed: packages/domain/src/modules/finance/Revenue.ts
✓ Fixed: packages/domain/src/modules/finance/Transaction.ts
✓ Fixed: packages/domain/src/modules/finance/Budget.ts
✓ Fixed: packages/domain/src/modules/finance/index.ts
✓ Fixed: packages/domain/src/modules/finance/Forecast.ts
✓ Fixed: packages/domain/src/modules/finance/Expense.ts
✓ Fixed: packages/domain/src/modules/jobs/Contract.ts
✓ Fixed: packages/domain/src/modules/jobs/Opportunity.ts
✓ Fixed: packages/domain/src/modules/jobs/Assignment.ts
✓ Fixed: packages/domain/src/modules/jobs/r-f-p.ts
✓ Fixed: packages/domain/src/modules/jobs/Job.ts
✓ Fixed: packages/domain/src/modules/jobs/Compliance.ts
✓ Fixed: packages/domain/src/modules/jobs/Bid.ts
✓ Fixed: packages/domain/src/modules/assets/asset-tracking.ts
✓ Fixed: packages/domain/src/modules/assets/asset-maintenance.ts
✓ Fixed: packages/domain/src/modules/assets/asset-advancing.ts
✓ Fixed: packages/domain/src/modules/assets/asset-assignment.ts
✓ Fixed: packages/domain/src/modules/assets/Asset.ts
✓ Fixed: packages/domain/src/modules/assets/index.ts
✓ Fixed: packages/domain/src/modules/assets/asset-report.ts
✓ Fixed: packages/domain/src/modules/companies/Company.ts
✓ Fixed: packages/domain/src/modules/analytics/Report.ts
✓ Fixed: packages/domain/src/modules/analytics/Dashboard.ts
✓ Fixed: packages/domain/src/webhooks/Webhook.ts
✓ Fixed: packages/domain/src/webhooks/webhook-repository.ts
✓ Fixed: packages/domain/src/User.ts
✓ Fixed: packages/domain/src/services/index.ts
✓ Fixed: packages/domain/src/entities/index.ts
✓ Fixed: packages/analytics/src/Uprovider.tsx
✓ Fixed: packages/analytics/src/posthog.ts
✓ Fixed: packages/analytics/src/lib/tracking.ts
✓ Fixed: packages/analytics/src/lib/analytics.ts
✓ Fixed: packages/analytics/src/index.ts
✓ Fixed: apps/web/middleware.ts
✓ Fixed: apps/web/types/database.ts
✓ Fixed: apps/web/types/global.d.ts
✓ Fixed: apps/web/app/demo/page.tsx
✓ Fixed: apps/web/app/page-test.tsx
✓ Fixed: apps/web/app/UwebUvitals.tsx
✓ Fixed: apps/web/app/favicon.ico/route.ts
✓ Fixed: apps/web/app/(app)/(chromeless)/profile/activity/ActivityLogClient.tsx
✓ Fixed: apps/web/app/(app)/(chromeless)/profile/uniform/UniformSizingClient.tsx
✓ Fixed: apps/web/app/(app)/(chromeless)/profile/health/HealthInfoClient.tsx
✓ Fixed: apps/web/app/(app)/(chromeless)/profile/emergency/EmergencyContactsClient.tsx
✓ Fixed: apps/web/app/(app)/(chromeless)/profile/endorsements/EndorsementsClient.tsx
✓ Fixed: apps/web/app/(app)/(chromeless)/profile/performance/PerformanceReviewsClient.tsx
✓ Fixed: apps/web/app/(app)/(chromeless)/profile/travel/TravelPreferencesClient.tsx
✓ Fixed: apps/web/app/(app)/(chromeless)/procurement/overview/ProcurementOverviewClient.tsx
✓ Fixed: apps/web/app/(app)/(chromeless)/layout.tsx
✓ Fixed: apps/web/app/(app)/layout.tsx
✓ Fixed: apps/web/app/(app)/(shell)/settings/organization/domains/DomainsClient.tsx
✓ Fixed: apps/web/app/(app)/(shell)/settings/organization/domains/page.tsx
✓ Fixed: apps/web/app/(app)/(shell)/settings/organization/RemoveDemoClient.tsx
✓ Fixed: apps/web/app/(app)/(shell)/settings/organization/page.tsx
✓ Fixed: apps/web/app/(app)/(shell)/settings/security/page.tsx
✓ Fixed: apps/web/app/(app)/(shell)/settings/permissions/page.tsx
✓ Fixed: apps/web/app/(app)/(shell)/settings/integrations/page.tsx
✓ Fixed: apps/web/app/(app)/(shell)/settings/teams/InviteMemberClient.tsx
✓ Fixed: apps/web/app/(app)/(shell)/settings/teams/page.tsx
✓ Fixed: apps/web/app/(app)/(shell)/settings/automations/page.tsx
✓ Fixed: apps/web/app/(app)/(shell)/settings/SettingsClient.tsx
✓ Fixed: apps/web/app/(app)/(shell)/settings/account/page.tsx
✓ Fixed: apps/web/app/(app)/(shell)/settings/page.tsx
✓ Fixed: apps/web/app/(app)/(shell)/settings/notifications/page.tsx
✓ Fixed: apps/web/app/(app)/(shell)/settings/billing/Plans.tsx
✓ Fixed: apps/web/app/(app)/(shell)/settings/billing/BillingPortalClient.tsx
✓ Fixed: apps/web/app/(app)/(shell)/settings/billing/page.tsx
✓ Fixed: apps/web/app/(app)/(shell)/pipeline/manning/CreateManningSlotClient.tsx
✓ Fixed: apps/web/app/(app)/(shell)/pipeline/manning/ManningClient.tsx
✓ Fixed: apps/web/app/(app)/(shell)/pipeline/manning/page.tsx
✓ Fixed: apps/web/app/(app)/(shell)/pipeline/contracting/CreateContractClient.tsx
✓ Fixed: apps/web/app/(app)/(shell)/pipeline/contracting/page.tsx
✓ Fixed: apps/web/app/(app)/(shell)/pipeline/contracting/ContractingClient.tsx
✓ Fixed: apps/web/app/(app)/(shell)/pipeline/training/CreateTrainingClient.tsx
✓ Fixed: apps/web/app/(app)/(shell)/pipeline/training/TrainingClient.tsx
✓ Fixed: apps/web/app/(app)/(shell)/pipeline/training/page.tsx
✓ Fixed: apps/web/app/(app)/(shell)/pipeline/PipelineClient.tsx
✓ Fixed: apps/web/app/(app)/(shell)/pipeline/overview/OverviewClient.tsx
✓ Fixed: apps/web/app/(app)/(shell)/pipeline/overview/page.tsx
✓ Fixed: apps/web/app/(app)/(shell)/pipeline/page.tsx
✓ Fixed: apps/web/app/(app)/(shell)/pipeline/onboarding/OnboardingClient.tsx
✓ Fixed: apps/web/app/(app)/(shell)/pipeline/onboarding/CreateOnboardingTaskClient.tsx
✓ Fixed: apps/web/app/(app)/(shell)/pipeline/onboarding/page.tsx
✓ Fixed: apps/web/app/(app)/(shell)/ghxstship/page.tsx
✓ Fixed: apps/web/app/(app)/(shell)/projects/activations/ActivationsTableClient.tsx
✓ Fixed: apps/web/app/(app)/(shell)/projects/activations/CreateActivationClient.tsx
✓ Fixed: apps/web/app/(app)/(shell)/projects/activations/page.tsx
✓ Fixed: apps/web/app/(app)/(shell)/projects/schedule/CreateMilestoneClient.tsx
✓ Fixed: apps/web/app/(app)/(shell)/projects/schedule/ScheduleClient.tsx
✓ Fixed: apps/web/app/(app)/(shell)/projects/schedule/page.tsx
✓ Fixed: apps/web/app/(app)/(shell)/projects/tasks/TasksTableClient.tsx
✓ Fixed: apps/web/app/(app)/(shell)/projects/tasks/CreateTaskClient.tsx
✓ Fixed: apps/web/app/(app)/(shell)/projects/tasks/page.tsx
✓ Fixed: apps/web/app/(app)/(shell)/projects/ProjectsClient.tsx
✓ Fixed: apps/web/app/(app)/(shell)/projects/inspections/InspectionsTableClient.tsx
✓ Fixed: apps/web/app/(app)/(shell)/projects/inspections/CreateInspectionClient.tsx
✓ Fixed: apps/web/app/(app)/(shell)/projects/inspections/page.tsx
✓ Fixed: apps/web/app/(app)/(shell)/projects/locations/LocationsTableClient.tsx
✓ Fixed: apps/web/app/(app)/(shell)/projects/locations/page.tsx
✓ Fixed: apps/web/app/(app)/(shell)/projects/locations/CreateLocationClient.tsx
✓ Fixed: apps/web/app/(app)/(shell)/projects/risks/CreateRiskClient.tsx
✓ Fixed: apps/web/app/(app)/(shell)/projects/risks/page.tsx
✓ Fixed: apps/web/app/(app)/(shell)/projects/risks/RisksTableClient.tsx
✓ Fixed: apps/web/app/(app)/(shell)/projects/files/FilesUploadClient.tsx
✓ Fixed: apps/web/app/(app)/(shell)/projects/files/FilesTableClient.tsx
✓ Fixed: apps/web/app/(app)/(shell)/projects/files/FilesFilterBar.tsx
✓ Fixed: apps/web/app/(app)/(shell)/projects/files/page.tsx
✓ Fixed: apps/web/app/(app)/(shell)/projects/overview/AutoSeedOnFirstRun.tsx
✓ Fixed: apps/web/app/(app)/(shell)/projects/overview/CreateProjectClient.tsx
✓ Fixed: apps/web/app/(app)/(shell)/projects/overview/page.tsx
✓ Fixed: apps/web/app/(app)/(shell)/projects/overview/ProjectsTableClient.tsx
✓ Fixed: apps/web/app/(app)/(shell)/projects/overview/ProjectsOverviewClient.tsx
✓ Fixed: apps/web/app/(app)/(shell)/projects/page.tsx
✓ Fixed: apps/web/app/(app)/(shell)/resources/procedures/page.tsx
✓ Fixed: apps/web/app/(app)/(shell)/resources/trainings/page.tsx
✓ Fixed: apps/web/app/(app)/(shell)/resources/policies/page.tsx
✓ Fixed: apps/web/app/(app)/(shell)/resources/components/ResourceForm.tsx
✓ Fixed: apps/web/app/(app)/(shell)/resources/templates/page.tsx
✓ Fixed: apps/web/app/(app)/(shell)/resources/featured/page.tsx
✓ Fixed: apps/web/app/(app)/(shell)/resources/ResourcesClient.tsx
✓ Fixed: apps/web/app/(app)/(shell)/resources/overview/page.tsx
✓ Fixed: apps/web/app/(app)/(shell)/resources/overview/ResourcesOverviewClient.tsx
✓ Fixed: apps/web/app/(app)/(shell)/opendeck/OpenDeckDashboard.tsx
✓ Fixed: apps/web/app/(app)/(shell)/opendeck/OpenDeckClient.tsx
✓ Fixed: apps/web/app/(app)/(shell)/opendeck/ProjectPostingClient.tsx
✓ Fixed: apps/web/app/(app)/(shell)/opendeck/VendorProfileClient.tsx
✓ Fixed: apps/web/app/(app)/(shell)/opendeck/page.tsx
✓ Fixed: apps/web/app/(app)/(shell)/opendeck/OpenDeckVendorClient.tsx
✓ Fixed: apps/web/app/(app)/(shell)/opendeck/OpenDeckMarketplace.tsx
✓ Fixed: apps/web/app/(app)/(shell)/opendeck/ProposalSystem.tsx
✓ Fixed: apps/web/app/(app)/(shell)/dashboard/DashboardClient.tsx
✓ Fixed: apps/web/app/(app)/(shell)/dashboard/overview/page.tsx
✓ Fixed: apps/web/app/(app)/(shell)/dashboard/page.tsx
✓ Fixed: apps/web/app/(app)/(shell)/dashboard/widgets/ActivityWidget.tsx
✓ Fixed: apps/web/app/(app)/(shell)/dashboard/widgets/MetricWidget.tsx
✓ Fixed: apps/web/app/(app)/(shell)/dashboard/widgets/ChartWidget.tsx
✓ Fixed: apps/web/app/(app)/(shell)/profile/job-history/JobHistoryClient.tsx
✓ Fixed: apps/web/app/(app)/(shell)/profile/job-history/page.tsx
✓ Fixed: apps/web/app/(app)/(shell)/profile/contact/ContactInfoClient.tsx
✓ Fixed: apps/web/app/(app)/(shell)/profile/contact/page.tsx
✓ Fixed: apps/web/app/(app)/(shell)/profile/professional/ProfessionalClient.tsx
✓ Fixed: apps/web/app/(app)/(shell)/profile/professional/page.tsx
✓ Fixed: apps/web/app/(app)/(shell)/profile/professional/CreateProfessionalClient.tsx
✓ Fixed: apps/web/app/(app)/(shell)/profile/activity/ActivityClient.tsx
✓ Fixed: apps/web/app/(app)/(shell)/profile/activity/page.tsx
✓ Fixed: apps/web/app/(app)/(shell)/profile/uniform/UniformClient.tsx
✓ Fixed: apps/web/app/(app)/(shell)/profile/uniform/CreateUniformItemClient.tsx
✓ Fixed: apps/web/app/(app)/(shell)/profile/uniform/page.tsx
✓ Fixed: apps/web/app/(app)/(shell)/profile/health/HealthClient.tsx
✓ Fixed: apps/web/app/(app)/(shell)/profile/health/CreateHealthRecordClient.tsx
✓ Fixed: apps/web/app/(app)/(shell)/profile/health/HealthInfoClient.tsx
✓ Fixed: apps/web/app/(app)/(shell)/profile/health/page.tsx
✓ Fixed: apps/web/app/(app)/(shell)/profile/basic/BasicInfoClient.tsx
✓ Fixed: apps/web/app/(app)/(shell)/profile/basic/page.tsx
✓ Fixed: apps/web/app/(app)/(shell)/profile/emergency/EmergencyContactClient.tsx
✓ Fixed: apps/web/app/(app)/(shell)/profile/emergency/page.tsx
✓ Fixed: apps/web/app/(app)/(shell)/profile/endorsements/CreateEndorsementClient.tsx
✓ Fixed: apps/web/app/(app)/(shell)/profile/endorsements/EndorsementsClient.tsx
✓ Fixed: apps/web/app/(app)/(shell)/profile/endorsements/page.tsx
✓ Fixed: apps/web/app/(app)/(shell)/profile/history/CreateHistoryEntryClient.tsx
✓ Fixed: apps/web/app/(app)/(shell)/profile/history/HistoryClient.tsx
✓ Fixed: apps/web/app/(app)/(shell)/profile/history/page.tsx
✓ Fixed: apps/web/app/(app)/(shell)/profile/certifications/CertificationsClient.tsx
✓ Fixed: apps/web/app/(app)/(shell)/profile/certifications/page.tsx
✓ Fixed: apps/web/app/(app)/(shell)/profile/performance/PerformanceClient.tsx
✓ Fixed: apps/web/app/(app)/(shell)/profile/performance/page.tsx
✓ Fixed: apps/web/app/(app)/(shell)/profile/performance/CreatePerformanceReviewClient.tsx
✓ Fixed: apps/web/app/(app)/(shell)/profile/overview/ProfileOverviewClient.tsx
✓ Fixed: apps/web/app/(app)/(shell)/profile/overview/page.tsx
✓ Fixed: apps/web/app/(app)/(shell)/profile/page.tsx
✓ Fixed: apps/web/app/(app)/(shell)/profile/ProfileClient.tsx
✓ Fixed: apps/web/app/(app)/(shell)/profile/travel/CreateTravelRecordClient.tsx
✓ Fixed: apps/web/app/(app)/(shell)/profile/travel/TravelPreferencesClient.tsx
✓ Fixed: apps/web/app/(app)/(shell)/profile/travel/TravelClient.tsx
✓ Fixed: apps/web/app/(app)/(shell)/profile/travel/page.tsx
✓ Fixed: apps/web/app/(app)/(shell)/programming/performances/CreatePerformanceClient.tsx
✓ Fixed: apps/web/app/(app)/(shell)/programming/performances/PerformancesClient.tsx
✓ Fixed: apps/web/app/(app)/(shell)/programming/performances/page.tsx
✓ Fixed: apps/web/app/(app)/(shell)/programming/workshops/WorkshopsClient.tsx
✓ Fixed: apps/web/app/(app)/(shell)/programming/workshops/CreateWorkshopClient.tsx
✓ Fixed: apps/web/app/(app)/(shell)/programming/workshops/page.tsx
✓ Fixed: apps/web/app/(app)/(shell)/programming/lineups/LineupsClient.tsx
✓ Fixed: apps/web/app/(app)/(shell)/programming/lineups/CreateLineupClient.tsx
✓ Fixed: apps/web/app/(app)/(shell)/programming/lineups/page.tsx
✓ Fixed: apps/web/app/(app)/(shell)/programming/calendar/CalendarClient.tsx
✓ Fixed: apps/web/app/(app)/(shell)/programming/calendar/CreateCalendarClient.tsx
✓ Fixed: apps/web/app/(app)/(shell)/programming/calendar/page.tsx
✓ Fixed: apps/web/app/(app)/(shell)/programming/spaces/SpacesClient.tsx
✓ Fixed: apps/web/app/(app)/(shell)/programming/spaces/CreateSpaceClient.tsx
✓ Fixed: apps/web/app/(app)/(shell)/programming/spaces/page.tsx
✓ Fixed: apps/web/app/(app)/(shell)/programming/itineraries/CreateItineraryClient.tsx
✓ Fixed: apps/web/app/(app)/(shell)/programming/itineraries/ItinerariesClient.tsx
✓ Fixed: apps/web/app/(app)/(shell)/programming/itineraries/page.tsx
✓ Fixed: apps/web/app/(app)/(shell)/programming/riders/CreateRiderClient.tsx
✓ Fixed: apps/web/app/(app)/(shell)/programming/riders/RidersClient.tsx
✓ Fixed: apps/web/app/(app)/(shell)/programming/riders/page.tsx
✓ Fixed: apps/web/app/(app)/(shell)/programming/call-sheets/CallSheetsClient.tsx
✓ Fixed: apps/web/app/(app)/(shell)/programming/call-sheets/CreateCallSheetClient.tsx
✓ Fixed: apps/web/app/(app)/(shell)/programming/call-sheets/page.tsx
✓ Fixed: apps/web/app/(app)/(shell)/programming/events/EventsClient.tsx
✓ Fixed: apps/web/app/(app)/(shell)/programming/events/CreateEventClient.tsx
✓ Fixed: apps/web/app/(app)/(shell)/programming/events/page.tsx
✓ Fixed: apps/web/app/(app)/(shell)/programming/overview/ProgrammingOverviewClient.tsx
✓ Fixed: apps/web/app/(app)/(shell)/programming/overview/page.tsx
✓ Fixed: apps/web/app/(app)/(shell)/programming/page.tsx
✓ Fixed: apps/web/app/(app)/(shell)/programming/ProgrammingClient.tsx
✓ Fixed: apps/web/app/(app)/(shell)/procurement/vendors/CreateVendorClient.tsx
✓ Fixed: apps/web/app/(app)/(shell)/procurement/vendors/VendorsClient.tsx
✓ Fixed: apps/web/app/(app)/(shell)/procurement/vendors/page.tsx
✓ Fixed: apps/web/app/(app)/(shell)/procurement/products/ProductsClient.tsx
✓ Fixed: apps/web/app/(app)/(shell)/procurement/products/CreateProductClient.tsx
✓ Fixed: apps/web/app/(app)/(shell)/procurement/products/page.tsx
✓ Fixed: apps/web/app/(app)/(shell)/procurement/catalog/CatalogClient.tsx
✓ Fixed: apps/web/app/(app)/(shell)/procurement/catalog/CreateCatalogItemClient.tsx
✓ Fixed: apps/web/app/(app)/(shell)/procurement/catalog/page.tsx
✓ Fixed: apps/web/app/(app)/(shell)/procurement/ProcurementClient.tsx
✓ Fixed: apps/web/app/(app)/(shell)/procurement/tracking/TrackingClient.tsx
✓ Fixed: apps/web/app/(app)/(shell)/procurement/tracking/CreateTrackingClient.tsx
✓ Fixed: apps/web/app/(app)/(shell)/procurement/tracking/page.tsx
✓ Fixed: apps/web/app/(app)/(shell)/procurement/orders/OrdersClient.tsx
✓ Fixed: apps/web/app/(app)/(shell)/procurement/orders/CreateOrderClient.tsx
✓ Fixed: apps/web/app/(app)/(shell)/procurement/orders/page.tsx
✓ Fixed: apps/web/app/(app)/(shell)/procurement/overview/ProcurementOverviewClient.tsx
✓ Fixed: apps/web/app/(app)/(shell)/procurement/overview/page.tsx
✓ Fixed: apps/web/app/(app)/(shell)/procurement/page.tsx
✓ Fixed: apps/web/app/(app)/(shell)/procurement/categories/CreateCategoryClient.tsx
✓ Fixed: apps/web/app/(app)/(shell)/procurement/categories/CategoriesClient.tsx
✓ Fixed: apps/web/app/(app)/(shell)/procurement/categories/page.tsx
✓ Fixed: apps/web/app/(app)/(shell)/procurement/services/CreateServiceClient.tsx
✓ Fixed: apps/web/app/(app)/(shell)/procurement/services/page.tsx
✓ Fixed: apps/web/app/(app)/(shell)/procurement/services/ServicesClient.tsx
✓ Fixed: apps/web/app/(app)/(shell)/layout.tsx
✓ Fixed: apps/web/app/(app)/(shell)/scripts/fix-event-parameters.js
✓ Fixed: apps/web/app/(app)/(shell)/people/network/NetworkClient.tsx
✓ Fixed: apps/web/app/(app)/(shell)/people/network/CreateNetworkConnectionClient.tsx
✓ Fixed: apps/web/app/(app)/(shell)/people/network/page.tsx
✓ Fixed: apps/web/app/(app)/(shell)/people/roles/CreateRoleClient.tsx
✓ Fixed: apps/web/app/(app)/(shell)/people/roles/RolesClient.tsx
✓ Fixed: apps/web/app/(app)/(shell)/people/roles/page.tsx
✓ Fixed: apps/web/app/(app)/(shell)/people/shortlists/CreateShortlistClient.tsx
✓ Fixed: apps/web/app/(app)/(shell)/people/shortlists/ShortlistsClient.tsx
✓ Fixed: apps/web/app/(app)/(shell)/people/shortlists/page.tsx
✓ Fixed: apps/web/app/(app)/(shell)/people/directory/DirectoryClient.tsx
✓ Fixed: apps/web/app/(app)/(shell)/people/directory/page.tsx
✓ Fixed: apps/web/app/(app)/(shell)/people/directory/CreatePersonClient.tsx
✓ Fixed: apps/web/app/(app)/(shell)/people/PeopleClient.tsx
✓ Fixed: apps/web/app/(app)/(shell)/people/competencies/CreateCompetencyClient.tsx
✓ Fixed: apps/web/app/(app)/(shell)/people/competencies/page.tsx
✓ Fixed: apps/web/app/(app)/(shell)/people/competencies/CompetenciesClient.tsx
✓ Fixed: apps/web/app/(app)/(shell)/people/endorsements/CreateEndorsementClient.tsx
✓ Fixed: apps/web/app/(app)/(shell)/people/endorsements/EndorsementsClient.tsx
✓ Fixed: apps/web/app/(app)/(shell)/people/endorsements/page.tsx
✓ Fixed: apps/web/app/(app)/(shell)/people/overview/OverviewClient.tsx
✓ Fixed: apps/web/app/(app)/(shell)/people/overview/page.tsx
✓ Fixed: apps/web/app/(app)/(shell)/people/page.tsx
✓ Fixed: apps/web/app/(app)/(shell)/finance/invoices/CreateInvoiceClient.tsx
✓ Fixed: apps/web/app/(app)/(shell)/finance/invoices/page.tsx
✓ Fixed: apps/web/app/(app)/(shell)/finance/invoices/InvoicesClient.tsx
✓ Fixed: apps/web/app/(app)/(shell)/finance/expenses/CreateExpenseClient.tsx
✓ Fixed: apps/web/app/(app)/(shell)/finance/expenses/ExpensesClient.tsx
✓ Fixed: apps/web/app/(app)/(shell)/finance/expenses/page.tsx
✓ Fixed: apps/web/app/(app)/(shell)/finance/transactions/TransactionsClient.tsx
✓ Fixed: apps/web/app/(app)/(shell)/finance/transactions/page.tsx
✓ Fixed: apps/web/app/(app)/(shell)/finance/transactions/CreateTransactionClient.tsx
✓ Fixed: apps/web/app/(app)/(shell)/finance/accounts/AccountsClient.tsx
✓ Fixed: apps/web/app/(app)/(shell)/finance/accounts/CreateAccountClient.tsx
✓ Fixed: apps/web/app/(app)/(shell)/finance/accounts/page.tsx
✓ Fixed: apps/web/app/(app)/(shell)/finance/budgets/BudgetsClient.tsx
✓ Fixed: apps/web/app/(app)/(shell)/finance/budgets/CreateBudgetClient.tsx
✓ Fixed: apps/web/app/(app)/(shell)/finance/budgets/page.tsx
✓ Fixed: apps/web/app/(app)/(shell)/finance/forecasts/ForecastsClient.tsx
✓ Fixed: apps/web/app/(app)/(shell)/finance/forecasts/CreateForecastClient.tsx
✓ Fixed: apps/web/app/(app)/(shell)/finance/forecasts/page.tsx
✓ Fixed: apps/web/app/(app)/(shell)/finance/revenue/CreateRevenueClient.tsx
✓ Fixed: apps/web/app/(app)/(shell)/finance/revenue/RevenueClient.tsx
✓ Fixed: apps/web/app/(app)/(shell)/finance/revenue/page.tsx
✓ Fixed: apps/web/app/(app)/(shell)/finance/overview/OverviewClient.tsx
✓ Fixed: apps/web/app/(app)/(shell)/finance/overview/page.tsx
✓ Fixed: apps/web/app/(app)/(shell)/finance/page.tsx
✓ Fixed: apps/web/app/(app)/(shell)/finance/FinanceClient.tsx
✓ Fixed: apps/web/app/(app)/(shell)/jobs/assignments/AssignmentsClient.tsx
✓ Fixed: apps/web/app/(app)/(shell)/jobs/assignments/page.tsx
✓ Fixed: apps/web/app/(app)/(shell)/jobs/assignments/CreateAssignmentClient.tsx
✓ Fixed: apps/web/app/(app)/(shell)/jobs/opportunities/CreateOpportunityClient.tsx
✓ Fixed: apps/web/app/(app)/(shell)/jobs/opportunities/OpportunitiesClient.tsx
✓ Fixed: apps/web/app/(app)/(shell)/jobs/opportunities/page.tsx
✓ Fixed: apps/web/app/(app)/(shell)/jobs/bids/BidsClient.tsx
✓ Fixed: apps/web/app/(app)/(shell)/jobs/bids/page.tsx
✓ Fixed: apps/web/app/(app)/(shell)/jobs/bids/CreateBidClient.tsx
✓ Fixed: apps/web/app/(app)/(shell)/jobs/contracts/CreateContractClient.tsx
✓ Fixed: apps/web/app/(app)/(shell)/jobs/contracts/page.tsx
✓ Fixed: apps/web/app/(app)/(shell)/jobs/contracts/ContractsClient.tsx
✓ Fixed: apps/web/app/(app)/(shell)/jobs/compliance/ComplianceClient.tsx
✓ Fixed: apps/web/app/(app)/(shell)/jobs/compliance/CreateComplianceClient.tsx
✓ Fixed: apps/web/app/(app)/(shell)/jobs/compliance/page.tsx
✓ Fixed: apps/web/app/(app)/(shell)/jobs/rfps/RFPsClient.tsx
✓ Fixed: apps/web/app/(app)/(shell)/jobs/rfps/CreateRfpClient.tsx
✓ Fixed: apps/web/app/(app)/(shell)/jobs/rfps/page.tsx
✓ Fixed: apps/web/app/(app)/(shell)/jobs/JobsClient.tsx
✓ Fixed: apps/web/app/(app)/(shell)/jobs/overview/OverviewClient.tsx
✓ Fixed: apps/web/app/(app)/(shell)/jobs/overview/page.tsx
✓ Fixed: apps/web/app/(app)/(shell)/jobs/page.tsx
✓ Fixed: apps/web/app/(app)/(shell)/assets/assignments/AssignmentsClient.tsx
✓ Fixed: apps/web/app/(app)/(shell)/assets/assignments/page.tsx
✓ Fixed: apps/web/app/(app)/(shell)/assets/assignments/CreateAssignmentClient.tsx
✓ Fixed: apps/web/app/(app)/(shell)/assets/advancing/AdvancingClient.tsx
✓ Fixed: apps/web/app/(app)/(shell)/assets/advancing/page.tsx
✓ Fixed: apps/web/app/(app)/(shell)/assets/advancing/CreateAdvancingClient.tsx
✓ Fixed: apps/web/app/(app)/(shell)/assets/AssetsClient.tsx
✓ Fixed: apps/web/app/(app)/(shell)/assets/inventory/CreateAssetClient.tsx
✓ Fixed: apps/web/app/(app)/(shell)/assets/inventory/InventoryClient.tsx
✓ Fixed: apps/web/app/(app)/(shell)/assets/inventory/page.tsx
✓ Fixed: apps/web/app/(app)/(shell)/assets/tracking/TrackingClient.tsx
✓ Fixed: apps/web/app/(app)/(shell)/assets/tracking/CreateTrackingClient.tsx
✓ Fixed: apps/web/app/(app)/(shell)/assets/tracking/page.tsx
✓ Fixed: apps/web/app/(app)/(shell)/assets/maintenance/MaintenanceClient.tsx
✓ Fixed: apps/web/app/(app)/(shell)/assets/maintenance/page.tsx
✓ Fixed: apps/web/app/(app)/(shell)/assets/maintenance/CreateMaintenanceClient.tsx
✓ Fixed: apps/web/app/(app)/(shell)/assets/overview/OverviewClient.tsx
✓ Fixed: apps/web/app/(app)/(shell)/assets/overview/page.tsx
✓ Fixed: apps/web/app/(app)/(shell)/assets/page.tsx
✓ Fixed: apps/web/app/(app)/(shell)/assets/reports/CreateReportClient.tsx
✓ Fixed: apps/web/app/(app)/(shell)/assets/reports/ReportsClient.tsx
✓ Fixed: apps/web/app/(app)/(shell)/assets/reports/page.tsx
✓ Fixed: apps/web/app/(app)/(shell)/companies/contracts/CreateContractClient.tsx
✓ Fixed: apps/web/app/(app)/(shell)/companies/contracts/page.tsx
✓ Fixed: apps/web/app/(app)/(shell)/companies/contracts/ContractsClient.tsx
✓ Fixed: apps/web/app/(app)/(shell)/companies/ratings/CreateRatingClient.tsx
✓ Fixed: apps/web/app/(app)/(shell)/companies/ratings/RatingsClient.tsx
✓ Fixed: apps/web/app/(app)/(shell)/companies/ratings/page.tsx
✓ Fixed: apps/web/app/(app)/(shell)/companies/directory/DirectoryClient.tsx
✓ Fixed: apps/web/app/(app)/(shell)/companies/directory/CreateCompanyClient.tsx
✓ Fixed: apps/web/app/(app)/(shell)/companies/directory/page.tsx
✓ Fixed: apps/web/app/(app)/(shell)/companies/CompaniesClient.tsx
✓ Fixed: apps/web/app/(app)/(shell)/companies/overview/OverviewClient.tsx
✓ Fixed: apps/web/app/(app)/(shell)/companies/overview/CreateOverviewClient.tsx
✓ Fixed: apps/web/app/(app)/(shell)/companies/overview/page.tsx
✓ Fixed: apps/web/app/(app)/(shell)/companies/page.tsx
✓ Fixed: apps/web/app/(app)/(shell)/companies/qualifications/CreateQualificationClient.tsx
✓ Fixed: apps/web/app/(app)/(shell)/companies/qualifications/QualificationsClient.tsx
✓ Fixed: apps/web/app/(app)/(shell)/companies/qualifications/page.tsx
✓ Fixed: apps/web/app/(app)/(shell)/analytics/AnalyticsClient.tsx
✓ Fixed: apps/web/app/(app)/(shell)/analytics/exports/CreateExportClient.tsx
✓ Fixed: apps/web/app/(app)/(shell)/analytics/exports/ExportsClient.tsx
✓ Fixed: apps/web/app/(app)/(shell)/analytics/exports/page.tsx
✓ Fixed: apps/web/app/(app)/(shell)/analytics/dashboards/DashboardsClient.tsx
✓ Fixed: apps/web/app/(app)/(shell)/analytics/dashboards/CreateDashboardClient.tsx
✓ Fixed: apps/web/app/(app)/(shell)/analytics/dashboards/page.tsx
✓ Fixed: apps/web/app/(app)/(shell)/analytics/overview/OverviewClient.tsx
✓ Fixed: apps/web/app/(app)/(shell)/analytics/overview/page.tsx
✓ Fixed: apps/web/app/(app)/(shell)/analytics/page.tsx
✓ Fixed: apps/web/app/(app)/(shell)/analytics/reports/CreateReportClient.tsx
✓ Fixed: apps/web/app/(app)/(shell)/analytics/reports/ReportsClient.tsx
✓ Fixed: apps/web/app/(app)/(shell)/analytics/reports/page.tsx
✓ Fixed: apps/web/app/auth/signup/sign-up/page.tsx
✓ Fixed: apps/web/app/auth/signup/SignUpForm.tsx
✓ Fixed: apps/web/app/auth/signup/page.tsx
✓ Fixed: apps/web/app/auth/verify-email/page.tsx
✓ Fixed: apps/web/app/auth/signin/page.tsx
✓ Fixed: apps/web/app/auth/_components/AuthLayout.tsx
✓ Fixed: apps/web/app/auth/_components/AuthForm.tsx
✓ Fixed: apps/web/app/auth/forgot-password/ForgotPasswordForm.tsx
✓ Fixed: apps/web/app/auth/forgot-password/layout.tsx
✓ Fixed: apps/web/app/auth/forgot-password/page.tsx
✓ Fixed: apps/web/app/auth/reset-password/page.tsx
✓ Fixed: apps/web/app/auth/callback/route.ts
✓ Fixed: apps/web/app/auth/onboarding/steps/VerifyEmailStep.tsx
✓ Fixed: apps/web/app/auth/onboarding/steps/TeamInvitationStep.tsx
✓ Fixed: apps/web/app/auth/onboarding/steps/ProfileCompletionStep.tsx
✓ Fixed: apps/web/app/auth/onboarding/steps/PlanSelectionStep.tsx
✓ Fixed: apps/web/app/auth/onboarding/steps/FinalConfirmationStep.tsx
✓ Fixed: apps/web/app/auth/onboarding/steps/OrganizationSetupStep.tsx
✓ Fixed: apps/web/app/auth/onboarding/steps/EmailVerificationStep.tsx
✓ Fixed: apps/web/app/auth/onboarding/page.tsx
✓ Fixed: apps/web/app/auth/onboarding/OnboardingFlow.tsx
✓ Fixed: apps/web/app/web-vitals.ts
✓ Fixed: apps/web/app/Uproviders.tsx
✓ Fixed: apps/web/app/admin/enterprise/settings/page.tsx
✓ Fixed: apps/web/app/admin/enterprise/database/page.tsx
✓ Fixed: apps/web/app/admin/enterprise/security/page.tsx
✓ Fixed: apps/web/app/admin/enterprise/monitoring/page.tsx
✓ Fixed: apps/web/app/admin/enterprise/page.tsx
✓ Fixed: apps/web/app/admin/demo-setup/DemoSetupClient.tsx
✓ Fixed: apps/web/app/admin/demo-setup/page.tsx
✓ Fixed: apps/web/app/bundle-analyzer.js
✓ Fixed: apps/web/app/(marketing)/home/page.tsx
✓ Fixed: apps/web/app/(marketing)/contact/page.tsx
✓ Fixed: apps/web/app/(marketing)/products/opendeck/page.tsx
✓ Fixed: apps/web/app/(marketing)/products/atlvs/page.tsx
✓ Fixed: apps/web/app/(marketing)/products/compare/page.tsx
✓ Fixed: apps/web/app/(marketing)/products/coming-soon/page.tsx
✓ Fixed: apps/web/app/(marketing)/products/page.tsx
✓ Fixed: apps/web/app/(marketing)/privacy/page.tsx
✓ Fixed: apps/web/app/(marketing)/security/page.tsx
✓ Fixed: apps/web/app/(marketing)/resources/documentation/page.tsx
✓ Fixed: apps/web/app/(marketing)/resources/whitepapers/page.tsx
✓ Fixed: apps/web/app/(marketing)/resources/blog/page.tsx
✓ Fixed: apps/web/app/(marketing)/resources/case-studies/page.tsx
✓ Fixed: apps/web/app/(marketing)/resources/guides/page.tsx
✓ Fixed: apps/web/app/(marketing)/resources/page.tsx
✓ Fixed: apps/web/app/(marketing)/terms/page.tsx
✓ Fixed: apps/web/app/(marketing)/solutions/trade-shows-conferences/page.tsx
✓ Fixed: apps/web/app/(marketing)/solutions/film-tv/page.tsx
✓ Fixed: apps/web/app/(marketing)/solutions/immersive-experiences/page.tsx
✓ Fixed: apps/web/app/(marketing)/solutions/community-cultural-events/page.tsx
✓ Fixed: apps/web/app/(marketing)/solutions/health-wellness-events/page.tsx
✓ Fixed: apps/web/app/(marketing)/solutions/concerts-festivals-tours/page.tsx
✓ Fixed: apps/web/app/(marketing)/solutions/brand-activations/page.tsx
✓ Fixed: apps/web/app/(marketing)/solutions/sporting-events-tournaments/page.tsx
✓ Fixed: apps/web/app/(marketing)/solutions/corporate-community-events/page.tsx
✓ Fixed: apps/web/app/(marketing)/solutions/hospitality-travel/page.tsx
✓ Fixed: apps/web/app/(marketing)/solutions/themed-theatrical-entertainment/page.tsx
✓ Fixed: apps/web/app/(marketing)/solutions/page.tsx
✓ Fixed: apps/web/app/(marketing)/careers/page.tsx
✓ Fixed: apps/web/app/(marketing)/layout.tsx
✓ Fixed: apps/web/app/(marketing)/partnerships/page.tsx
✓ Fixed: apps/web/app/(marketing)/community/forums/page.tsx
✓ Fixed: apps/web/app/(marketing)/community/partners/page.tsx
✓ Fixed: apps/web/app/(marketing)/community/events/page.tsx
✓ Fixed: apps/web/app/(marketing)/community/page.tsx
✓ Fixed: apps/web/app/(marketing)/accessibility/page.tsx
✓ Fixed: apps/web/app/(marketing)/pricing/page.tsx
✓ Fixed: apps/web/app/(marketing)/cookies/page.tsx
✓ Fixed: apps/web/app/(marketing)/company/press/page.tsx
✓ Fixed: apps/web/app/(marketing)/company/about/page.tsx
✓ Fixed: apps/web/app/(marketing)/company/careers/page.tsx
✓ Fixed: apps/web/app/(marketing)/company/team/page.tsx
✓ Fixed: apps/web/app/(marketing)/company/page.tsx
✓ Fixed: apps/web/app/_components/DemoUserSwitcher.tsx
✓ Fixed: apps/web/app/_components/ui/index.ts
✓ Fixed: apps/web/app/_components/enterprise/security-dashboard.tsx
✓ Fixed: apps/web/app/_components/enterprise/UsecurityUdashboard.tsx
✓ Fixed: apps/web/app/_components/enterprise/monitoring-dashboard.tsx
✓ Fixed: apps/web/app/_components/enterprise/UmonitoringUdashboard.tsx
✓ Fixed: apps/web/app/_components/auth/AuthGuard.tsx
✓ Fixed: apps/web/app/_components/shell/AppShell.tsx
✓ Fixed: apps/web/app/_components/SkipLink.tsx
✓ Fixed: apps/web/app/_components/ColorSystemDemo.tsx
✓ Fixed: apps/web/app/_components/utils/export.ts
✓ Fixed: apps/web/app/_components/utils/sorting.ts
✓ Fixed: apps/web/app/_components/utils/import.ts
✓ Fixed: apps/web/app/_components/shared/DemoUserSwitcher.tsx
✓ Fixed: apps/web/app/_components/shared/AuthError.tsx
✓ Fixed: apps/web/app/_components/shared/CommandPalette.tsx
✓ Fixed: apps/web/app/_components/shared/AuthLayout.tsx
✓ Fixed: apps/web/app/_components/shared/FormField.tsx
✓ Fixed: apps/web/app/_components/shared/SkipLink.tsx
✓ Fixed: apps/web/app/_components/shared/ProductToggle.tsx
✓ Fixed: apps/web/app/_components/shared/StepNavigation.tsx
✓ Fixed: apps/web/app/_components/shared/SocialAuth.tsx
✓ Fixed: apps/web/app/_components/shared/SidebarClient.tsx
✓ Fixed: apps/web/app/_components/StripeCheckout.tsx
✓ Fixed: apps/web/app/_components/PricingAnimations.tsx
✓ Fixed: apps/web/app/_components/NotificationsBell.tsx
✓ Fixed: apps/web/app/_components/lib/layouts.ts
✓ Fixed: apps/web/app/_components/lib/performance.ts
✓ Fixed: apps/web/app/_components/lib/accessibility.ts
✓ Fixed: apps/web/app/_components/lib/navigation.ts
✓ Fixed: apps/web/app/_components/lib/utils.ts
✓ Fixed: apps/web/app/_components/lib/sessionContext.ts
✓ Fixed: apps/web/app/_components/lib/index.ts
✓ Fixed: apps/web/app/_components/lib/rate-limit.ts
✓ Fixed: apps/web/app/_components/lib/typography.ts
✓ Fixed: apps/web/app/_components/lib/spacing.ts
✓ Fixed: apps/web/app/_components/marketing/PerformanceOptimizations.tsx
✓ Fixed: apps/web/app/_components/marketing/CTASection.tsx
✓ Fixed: apps/web/app/_components/marketing/footer/FooterSection.tsx
✓ Fixed: apps/web/app/_components/marketing/footer/SocialLinks.tsx
✓ Fixed: apps/web/app/_components/marketing/footer/TrustBadges.tsx
✓ Fixed: apps/web/app/_components/marketing/NewsletterSignup.tsx
✓ Fixed: apps/web/app/_components/marketing/SEOHead.tsx
✓ Fixed: apps/web/app/_components/marketing/PricingCard.tsx
✓ Fixed: apps/web/app/_components/marketing/SocialProof.tsx
✓ Fixed: apps/web/app/_components/marketing/ProductHighlights.tsx
✓ Fixed: apps/web/app/_components/marketing/layout/Container.tsx
✓ Fixed: apps/web/app/_components/marketing/layout/Section.tsx
✓ Fixed: apps/web/app/_components/marketing/MarketingPageClient.tsx
✓ Fixed: apps/web/app/_components/marketing/navigation/NavigationDropdown.tsx
✓ Fixed: apps/web/app/_components/marketing/navigation/MobileMenu.tsx
✓ Fixed: apps/web/app/_components/marketing/CookieConsent.tsx
✓ Fixed: apps/web/app/_components/marketing/FeatureGrid.tsx
✓ Fixed: apps/web/app/_components/marketing/Analytics.tsx
✓ Fixed: apps/web/app/_components/marketing/MarketingFooter.tsx
✓ Fixed: apps/web/app/_components/marketing/team/DepartmentCard.tsx
✓ Fixed: apps/web/app/_components/marketing/team/TeamMemberCard.tsx
✓ Fixed: apps/web/app/_components/marketing/team/TeamStats.tsx
✓ Fixed: apps/web/app/_components/marketing/team/LeadershipCard.tsx
✓ Fixed: apps/web/app/_components/marketing/MarketingHeader.tsx
✓ Fixed: apps/web/app/_components/marketing/MarketingLayoutClient.tsx
✓ Fixed: apps/web/app/_components/marketing/HeroSection.tsx
✓ Fixed: apps/web/app/_components/marketing/index.ts
✓ Fixed: apps/web/app/_components/marketing/AccessibilityEnhancements.tsx
✓ Fixed: apps/web/app/_components/marketing/pricing/PricingToggle.tsx
✓ Fixed: apps/web/app/_components/marketing/pricing/TrustIndicators.tsx
✓ Fixed: apps/web/app/_components/marketing/pricing/AddOnCard.tsx
✓ Fixed: apps/web/app/_components/marketing/pricing/FAQSection.tsx
✓ Fixed: apps/web/app/_components/marketing/FeatureCard.tsx
✓ Fixed: apps/web/app/_components/marketing/TrustSignals.tsx
✓ Fixed: apps/web/app/_components/PerformanceMonitor.tsx
✓ Fixed: apps/web/app/_components/FeatureGate.tsx
✓ Fixed: apps/web/app/_components/index.ts
✓ Fixed: apps/web/app/_components/nav/CommandPalette.tsx
✓ Fixed: apps/web/app/_components/nav/ProductToggle.tsx
✓ Fixed: apps/web/app/_components/nav/SidebarClient.tsx
✓ Fixed: apps/web/app/_components/nav/BreadcrumbsNav.tsx
✓ Fixed: apps/web/app/_components/design-system/page.tsx
✓ Fixed: apps/web/app/layout.tsx
✓ Fixed: apps/web/app/lib/rate-limit.ts
✓ Fixed: apps/web/app/api/v1/demo/remove/route.ts
✓ Fixed: apps/web/app/api/v1/demo/seed/route.ts
✓ Fixed: apps/web/app/api/v1/settings/organization/route.ts
✓ Fixed: apps/web/app/api/v1/settings/security/route.ts
✓ Fixed: apps/web/app/api/v1/settings/integrations/route.ts
✓ Fixed: apps/web/app/api/v1/settings/route.ts
✓ Fixed: apps/web/app/api/v1/settings/notifications/route.ts
✓ Fixed: apps/web/app/api/v1/pipeline/manning/route.ts
✓ Fixed: apps/web/app/api/v1/pipeline/contracting/route.ts
✓ Fixed: apps/web/app/api/v1/pipeline/stages/route.ts
✓ Fixed: apps/web/app/api/v1/pipeline/training/route.ts
✓ Fixed: apps/web/app/api/v1/pipeline/onboarding/route.ts
✓ Fixed: apps/web/app/api/v1/vendors/route.ts
✓ Fixed: apps/web/app/api/v1/vendors/[id]/route.ts
✓ Fixed: apps/web/app/api/v1/bulk/route.ts
✓ Fixed: apps/web/app/api/v1/bulk/export/route.ts
✓ Fixed: apps/web/app/api/v1/bulk/import/route.ts
✓ Fixed: apps/web/app/api/v1/projects/route.ts
✓ Fixed: apps/web/app/api/v1/projects/[id]/activations/route.ts
✓ Fixed: apps/web/app/api/v1/projects/[id]/tasks/route.ts
✓ Fixed: apps/web/app/api/v1/projects/[id]/tasks/[taskId]/route.ts
✓ Fixed: apps/web/app/api/v1/projects/[id]/inspections/route.ts
✓ Fixed: apps/web/app/api/v1/projects/[id]/route.ts
✓ Fixed: apps/web/app/api/v1/projects/[id]/risks/route.ts
✓ Fixed: apps/web/app/api/v1/projects/[id]/files/route.ts
✓ Fixed: apps/web/app/api/v1/projects/[id]/time-entries/route.ts
✓ Fixed: apps/web/app/api/v1/health/route.ts
✓ Fixed: apps/web/app/api/v1/apikeys/issue/route.ts
✓ Fixed: apps/web/app/api/v1/apikeys/list/route.ts
✓ Fixed: apps/web/app/api/v1/apikeys/[id]/route.ts
✓ Fixed: apps/web/app/api/v1/resources/route.ts
✓ Fixed: apps/web/app/api/v1/marketplace/catalog-items/route.ts
✓ Fixed: apps/web/app/api/v1/marketplace/projects/route.ts
✓ Fixed: apps/web/app/api/v1/marketplace/listings/route.ts
✓ Fixed: apps/web/app/api/v1/user/pins/route.ts
✓ Fixed: apps/web/app/api/v1/docs/swagger/route.ts
✓ Fixed: apps/web/app/api/v1/docs/route.ts
✓ Fixed: apps/web/app/api/v1/dashboard/route.ts
✓ Fixed: apps/web/app/api/v1/dashboard/[id]/route.ts
✓ Fixed: apps/web/app/api/v1/dashboard/widgets/route.ts
✓ Fixed: apps/web/app/api/v1/dashboard/widgets/[id]/route.ts
✓ Fixed: apps/web/app/api/v1/integrations/webhooks/partner/route.ts
✓ Fixed: apps/web/app/api/v1/integrations/webhooks/redrive/route.ts
✓ Fixed: apps/web/app/api/v1/programs/route.ts
✓ Fixed: apps/web/app/api/v1/profile/route.ts
✓ Fixed: apps/web/app/api/v1/programming/lineups/route.ts
✓ Fixed: apps/web/app/api/v1/programming/spaces/route.ts
✓ Fixed: apps/web/app/api/v1/programming/itineraries/route.ts
✓ Fixed: apps/web/app/api/v1/programming/itineraries/[id]/route.ts
✓ Fixed: apps/web/app/api/v1/programming/riders/route.ts
✓ Fixed: apps/web/app/api/v1/programming/call-sheets/route.ts
✓ Fixed: apps/web/app/api/v1/programming/events/route.ts
✓ Fixed: apps/web/app/api/v1/graphql/route.ts
✓ Fixed: apps/web/app/api/v1/procurement/vendors/route.ts
✓ Fixed: apps/web/app/api/v1/procurement/products/route.ts
✓ Fixed: apps/web/app/api/v1/procurement/purchase-orders/route.ts
✓ Fixed: apps/web/app/api/v1/procurement/integration/route.ts
✓ Fixed: apps/web/app/api/v1/procurement/categories/route.ts
✓ Fixed: apps/web/app/api/v1/procurement/services/route.ts
✓ Fixed: apps/web/app/api/v1/users/route.ts
✓ Fixed: apps/web/app/api/v1/people/roles/route.ts
✓ Fixed: apps/web/app/api/v1/people/competencies/route.ts
✓ Fixed: apps/web/app/api/v1/people/route.ts
✓ Fixed: apps/web/app/api/v1/people/[id]/route.ts
✓ Fixed: apps/web/app/api/v1/finance/invoices/route.ts
✓ Fixed: apps/web/app/api/v1/finance/expenses/route.ts
✓ Fixed: apps/web/app/api/v1/finance/transactions/route.ts
✓ Fixed: apps/web/app/api/v1/finance/accounts/route.ts
✓ Fixed: apps/web/app/api/v1/finance/budgets/route.ts
✓ Fixed: apps/web/app/api/v1/finance/forecasts/route.ts
✓ Fixed: apps/web/app/api/v1/finance/revenue/route.ts
✓ Fixed: apps/web/app/api/v1/jobs/assignments/route.ts
✓ Fixed: apps/web/app/api/v1/jobs/assignments/[id]/accept/route.ts
✓ Fixed: apps/web/app/api/v1/jobs/opportunities/route.ts
✓ Fixed: apps/web/app/api/v1/jobs/bids/route.ts
✓ Fixed: apps/web/app/api/v1/jobs/bids/[id]/submit/route.ts
✓ Fixed: apps/web/app/api/v1/jobs/contracts/route.ts
✓ Fixed: apps/web/app/api/v1/jobs/contracts/[id]/activate/route.ts
✓ Fixed: apps/web/app/api/v1/jobs/compliance/route.ts
✓ Fixed: apps/web/app/api/v1/jobs/route.ts
✓ Fixed: apps/web/app/api/v1/jobs/rfps/route.ts
✓ Fixed: apps/web/app/api/v1/jobs/rfps/[id]/publish/route.ts
✓ Fixed: apps/web/app/api/v1/webhooks/receive/route.ts
✓ Fixed: apps/web/app/api/v1/webhooks/subscribe/route.ts
✓ Fixed: apps/web/app/api/v1/webhooks/list/route.ts
✓ Fixed: apps/web/app/api/v1/webhooks/redrive/enqueue/route.ts
✓ Fixed: apps/web/app/api/v1/webhooks/redrive/route.ts
✓ Fixed: apps/web/app/api/v1/webhooks/redrive/process/route.ts
✓ Fixed: apps/web/app/api/v1/webhooks/[id]/route.ts
✓ Fixed: apps/web/app/api/v1/assets/assignments/route.ts
✓ Fixed: apps/web/app/api/v1/assets/advancing/route.ts
✓ Fixed: apps/web/app/api/v1/assets/route.ts
✓ Fixed: apps/web/app/api/v1/assets/tracking/route.ts
✓ Fixed: apps/web/app/api/v1/assets/maintenance/route.ts
✓ Fixed: apps/web/app/api/v1/assets/reports/route.ts
✓ Fixed: apps/web/app/api/v1/companies/contracts/route.ts
✓ Fixed: apps/web/app/api/v1/companies/contacts/route.ts
✓ Fixed: apps/web/app/api/v1/companies/ratings/route.ts
✓ Fixed: apps/web/app/api/v1/companies/route.ts
✓ Fixed: apps/web/app/api/v1/companies/[id]/route.ts
✓ Fixed: apps/web/app/api/v1/companies/qualifications/route.ts
✓ Fixed: apps/web/app/api/v1/analytics/exports/route.ts
✓ Fixed: apps/web/app/api/v1/analytics/dashboards/route.ts
✓ Fixed: apps/web/app/api/v1/analytics/reports/route.ts
✓ Fixed: apps/web/app/api/v1/invitations/send/route.ts
✓ Fixed: apps/web/app/api/demo/remove/route.ts
✓ Fixed: apps/web/app/api/demo/seed/route.ts
✓ Fixed: apps/web/app/api/demo/auth/route.ts
✓ Fixed: apps/web/app/api/demo/setup/route.ts
✓ Fixed: apps/web/app/api/organizations/[orgId]/demo/route.ts
✓ Fixed: apps/web/app/api/organizations/[orgId]/lineups/route.ts
✓ Fixed: apps/web/app/api/organizations/[orgId]/domains/route.ts
✓ Fixed: apps/web/app/api/organizations/[orgId]/spaces/route.ts
✓ Fixed: apps/web/app/api/organizations/[orgId]/memberships/usage/route.ts
✓ Fixed: apps/web/app/api/organizations/[orgId]/memberships/route.ts
✓ Fixed: apps/web/app/api/organizations/[orgId]/riders/route.ts
✓ Fixed: apps/web/app/api/organizations/[orgId]/call-sheets/route.ts
✓ Fixed: apps/web/app/api/organizations/[orgId]/profiles/[profileId]/route.ts
✓ Fixed: apps/web/app/api/organizations/[orgId]/profiles/[profileId]/certifications/route.ts
✓ Fixed: apps/web/app/api/organizations/[orgId]/profiles/route.ts
✓ Fixed: apps/web/app/api/organizations/[orgId]/events/route.ts
✓ Fixed: apps/web/app/api/organizations/[orgId]/invites/route.ts
✓ Fixed: apps/web/app/api/middleware/audit-interceptor.ts
✓ Fixed: apps/web/app/api/middleware/cors.ts
✓ Fixed: apps/web/app/api/middleware/audit.ts
✓ Fixed: apps/web/app/api/audit/[orgId]/vendors/[vendorId]/route.ts
✓ Fixed: apps/web/app/api/audit/[orgId]/tasks/[taskId]/route.ts
✓ Fixed: apps/web/app/api/audit/[orgId]/projects/[projectId]/route.ts
✓ Fixed: apps/web/app/api/audit/[orgId]/listings/[listingId]/route.ts
✓ Fixed: apps/web/app/api/stripe/webhook/route.ts
✓ Fixed: apps/web/app/api/stripe/portal/route.ts
✓ Fixed: apps/web/app/api/stripe/create-checkout-session/route.ts
✓ Fixed: apps/web/app/api/stripe/checkout/route.ts
✓ Fixed: apps/web/app/instrumentation.ts
✓ Fixed: apps/web/app/page.tsx
✓ Fixed: apps/web/app/global-error.tsx
✓ Fixed: apps/web/app/not-found.tsx
✓ Fixed: apps/web/app/providers.tsx
✓ Fixed: apps/web/jest.setup.js
✓ Fixed: apps/web/i18n.ts
✓ Fixed: apps/web/fix-select-errors.js
✓ Fixed: apps/web/next.config.js
✓ Fixed: apps/web/next-env.d.ts
✓ Fixed: apps/web/fix-build-errors.js
✓ Fixed: apps/web/sentry.client.config.ts
✓ Fixed: apps/web/tailwind.config.ts
✓ Fixed: apps/web/hooks/useErrorHandler.ts
✓ Fixed: apps/web/hooks/useAuthError.ts
✓ Fixed: apps/web/hooks/useAuthLoading.ts
✓ Fixed: apps/web/.eslintrc.js
✓ Fixed: apps/web/lib/performance.ts
✓ Fixed: apps/web/lib/sentry.ts
✓ Fixed: apps/web/lib/auth/roles.ts
✓ Fixed: apps/web/lib/i18n.ts
✓ Fixed: apps/web/lib/ci-bypass.ts
✓ Fixed: apps/web/lib/redis.ts
✓ Fixed: apps/web/lib/navigation/routeRegistry.ts
✓ Fixed: apps/web/lib/workflows/manager.ts
✓ Fixed: apps/web/lib/validations/forms.ts
✓ Fixed: apps/web/lib/supabase/enterprise-client.ts
✓ Fixed: apps/web/lib/supabase/types.ts
✓ Fixed: apps/web/lib/supabase/client.ts
✓ Fixed: apps/web/lib/supabase/monitoring.ts
✓ Fixed: apps/web/lib/supabase/server.ts
✓ Fixed: apps/web/lib/ratelimit.ts
✓ Fixed: apps/web/lib/telemetry.ts
✓ Fixed: apps/web/lib/rate-limiter.ts
✓ Fixed: apps/web/lib/rbac.ts
✓ Fixed: apps/web/lib/hooks/useFormValidation.ts
✓ Fixed: apps/web/lib/audit-enhanced.ts
✓ Fixed: apps/web/lib/index.ts
✓ Fixed: apps/web/lib/rate-limit.ts
✓ Fixed: apps/web/lib/design-system/colors-2026.ts
✓ Fixed: apps/web/lib/services.ts
✓ Fixed: apps/web/lib/animations.ts
✓ Fixed: apps/web/lib/stripe-config.ts
✓ Fixed: apps/web/lib/tenant-context.ts
✓ Fixed: apps/web/temp-delete-login.js
✓ Fixed: apps/web/i18n/request.ts
