Remediation started at Wed Sep 17 21:43:10 EDT 2025

✓ Fixed: packages/ui/src/system/ContainerSystem.tsx
✓ Fixed: packages/ui/src/system/WorkflowSystem.tsx
✓ Fixed: packages/ui/src/components/DataViews/DesignTokenValidator.tsx
✓ Fixed: packages/ui/src/system/GridSystem.tsx
✓ Fixed: packages/ui/src/system/LayoutSystem.tsx
✓ Fixed: packages/ui/src/system/CompositePatterns.tsx
✓ Fixed: packages/ui/src/system/ComponentSystem.tsx
✓ Fixed: packages/ui/src/components/DataViews/UniversalDrawer.tsx
✓ Fixed: packages/ui/src/system/PerformanceMonitor.tsx
✓ Fixed: packages/ui/src/components/Navigation.tsx
✓ Fixed: packages/ui/src/components/architecture/DesignSystem.tsx
✓ Fixed: packages/ui/src/components/Table.tsx
✓ Fixed: packages/ui/src/components/Sidebar/SidebarNavigation.tsx
✓ Fixed: packages/ui/src/components/DataViews/DataActions.tsx
✓ Fixed: packages/ui/src/components/monitoring/AlertingSystem.tsx
✓ Fixed: packages/ui/src/components/DataViews/GalleryView.tsx
✓ Fixed: packages/ui/src/components/DataViews/DynamicFieldManager.tsx
✓ Fixed: packages/ui/src/components/monitoring/DatabaseMonitoringDashboard.tsx
✓ Fixed: packages/ui/src/components/DataViews/DatabaseOptimizer.tsx
✓ Fixed: packages/ui/src/components/Sidebar/SidebarExample.tsx
✓ Fixed: apps/web/app/_components/marketing/HeroSection.tsx
✓ Fixed: apps/web/app/_components/marketing/FeatureGrid.tsx
✓ Fixed: apps/web/app/_components/marketing/ProductHighlights.tsx
✓ Fixed: apps/web/app/_components/marketing/CTASection.tsx
✓ Fixed: apps/web/app/_components/marketing/SocialProof.tsx
  No changes needed: apps/web/app/_components/marketing/TrustSignals.tsx
  No changes needed: apps/web/app/_components/marketing/MarketingHeader.tsx
✓ Fixed: apps/web/app/_components/marketing/MarketingFooter.tsx
